[2026-04-20 21:42:45,649] 24 NetworkSecurity INFO - Data ingestion initiated.
[2026-04-20 21:42:51,751] 68 NetworkSecurity INFO - Performed train test split with test size 0.2
[2026-04-20 21:42:51,751] 69 NetworkSecurity INFO - Saving train and test split in the data ingestion directory
[2026-04-20 21:42:51,753] 74 NetworkSecurity INFO - Saving training data to artifacts\2026-04-20-21-42-45\data_ingestion\ingested\train.csv
[2026-04-20 21:42:51,802] 77 NetworkSecurity INFO - Saving test data to artifacts\2026-04-20-21-42-45\data_ingestion\ingested\test.csv
[2026-04-20 21:42:51,817] 26 NetworkSecurity INFO - Data ingestion completed: DataIngestionArtifact(train_file_path='artifacts\\2026-04-20-21-42-45\\data_ingestion\\ingested\\train.csv', test_file_path='artifacts\\2026-04-20-21-42-45\\data_ingestion\\ingested\\test.csv')
[2026-04-20 21:42:51,822] 33 NetworkSecurity INFO - Data validation initiated.
[2026-04-20 21:42:51,866] 37 NetworkSecurity INFO - Required number of columns: 31
[2026-04-20 21:42:51,866] 38 NetworkSecurity INFO - Dataframe has columns: Index(['having_IP_Address', 'URL_Length', 'Shortining_Service',
       'having_At_Symbol', 'double_slash_redirecting', 'Prefix_Suffix',
       'having_Sub_Domain', 'SSLfinal_State', 'Domain_registeration_length',
       'Favicon', 'port', 'HTTPS_token', 'Request_URL', 'URL_of_Anchor',
       'Links_in_tags', 'SFH', 'Submitting_to_email', 'Abnormal_URL',
       'Redirect', 'on_mouseover', 'RightClick', 'popUpWidnow', 'Iframe',
       'age_of_domain', 'DNSRecord', 'web_traffic', 'Page_Rank',
       'Google_Index', 'Links_pointing_to_page', 'Statistical_report',
       'Result'],
      dtype='object')
[2026-04-20 21:42:51,866] 37 NetworkSecurity INFO - Required number of columns: 31
[2026-04-20 21:42:51,866] 38 NetworkSecurity INFO - Dataframe has columns: Index(['having_IP_Address', 'URL_Length', 'Shortining_Service',
       'having_At_Symbol', 'double_slash_redirecting', 'Prefix_Suffix',
       'having_Sub_Domain', 'SSLfinal_State', 'Domain_registeration_length',
       'Favicon', 'port', 'HTTPS_token', 'Request_URL', 'URL_of_Anchor',
       'Links_in_tags', 'SFH', 'Submitting_to_email', 'Abnormal_URL',
       'Redirect', 'on_mouseover', 'RightClick', 'popUpWidnow', 'Iframe',
       'age_of_domain', 'DNSRecord', 'web_traffic', 'Page_Rank',
       'Google_Index', 'Links_pointing_to_page', 'Statistical_report',
       'Result'],
      dtype='object')
[2026-04-20 21:42:52,021] 35 NetworkSecurity INFO - Data validation completed: DataValidationArtifact(validation_status=True, valid_train_file_path='artifacts\\2026-04-20-21-42-45\\data_validation\\validated\\train.csv', valid_test_file_path='artifacts\\2026-04-20-21-42-45\\data_validation\\validated\\test.csv', invalid_train_file_path=None, invalid_test_file_path=None, drift_report_file_path='artifacts\\2026-04-20-21-42-45\\data_validation\\data_drift_report\\data_drift_report.yaml')
[2026-04-20 21:42:52,021] 42 NetworkSecurity INFO - Data transformation initiated.
[2026-04-20 21:42:52,021] 54 NetworkSecurity INFO - Data transformation initiated.
[2026-04-20 21:42:52,062] 40 NetworkSecurity INFO - Data transformation initiated.
[2026-04-20 21:42:52,062] 43 NetworkSecurity INFO - Data transformation object created successfully.
[2026-04-20 21:42:52,069] 30 NetworkSecurity INFO - Saving numpy array data to file: artifacts\2026-04-20-21-42-45\data_transformation\transformed\train.npy
[2026-04-20 21:42:52,074] 35 NetworkSecurity INFO - Numpy array data saved successfully to file: artifacts\2026-04-20-21-42-45\data_transformation\transformed\train.npy
[2026-04-20 21:42:52,074] 30 NetworkSecurity INFO - Saving numpy array data to file: artifacts\2026-04-20-21-42-45\data_transformation\transformed\test.npy
[2026-04-20 21:42:52,077] 35 NetworkSecurity INFO - Numpy array data saved successfully to file: artifacts\2026-04-20-21-42-45\data_transformation\transformed\test.npy
[2026-04-20 21:42:52,077] 41 NetworkSecurity INFO - Saving object to file: artifacts\2026-04-20-21-42-45\data_transformation\transformed_object\preprocessor.pkl
[2026-04-20 21:42:52,081] 46 NetworkSecurity INFO - Object saved successfully to file: artifacts\2026-04-20-21-42-45\data_transformation\transformed_object\preprocessor.pkl
[2026-04-20 21:42:52,083] 44 NetworkSecurity INFO - Data transformation completed: DataTransformationArtifact(transformed_train_file_path='artifacts\\2026-04-20-21-42-45\\data_transformation\\transformed\\train.npy', transformed_test_file_path='artifacts\\2026-04-20-21-42-45\\data_transformation\\transformed\\test.npy', transformed_object_file_path='artifacts\\2026-04-20-21-42-45\\data_transformation\\transformed_object\\preprocessor.pkl')
[2026-04-20 21:42:52,083] 51 NetworkSecurity INFO - Model training initiated.
[2026-04-20 21:42:52,467] 88 NetworkSecurity INFO - Fitting Logistic Regression with grid {'C': [0.01, 0.1, 1.0, 10.0], 'class_weight': [None, 'balanced']}
[2026-04-20 21:42:57,823] 103 NetworkSecurity INFO - Logistic Regression: train_f1=0.9358, val_f1=0.9327, params={'C': 10.0, 'class_weight': 'balanced'}
[2026-04-20 21:42:57,948] 88 NetworkSecurity INFO - Fitting Decision Tree with grid {'criterion': ['gini', 'entropy', 'log_loss'], 'max_depth': [None, 8, 16, 32], 'min_samples_leaf': [1, 5, 10]}
[2026-04-20 21:42:58,453] 103 NetworkSecurity INFO - Decision Tree: train_f1=0.9924, val_f1=0.9681, params={'criterion': 'gini', 'max_depth': None, 'min_samples_leaf': 1}
[2026-04-20 21:42:58,572] 88 NetworkSecurity INFO - Fitting AdaBoost Classifier with grid {'learning_rate': [0.01, 0.05, 0.1, 1.0], 'n_estimators': [50, 100, 200]}
[2026-04-20 21:43:02,528] 103 NetworkSecurity INFO - AdaBoost Classifier: train_f1=0.9417, val_f1=0.9375, params={'learning_rate': 1.0, 'n_estimators': 200}
[2026-04-20 21:43:02,647] 88 NetworkSecurity INFO - Fitting Gradient Boosting Classifier with grid {'learning_rate': [0.01, 0.05, 0.1], 'n_estimators': [100, 200], 'subsample': [0.6, 0.8, 1.0], 'max_depth': [3, 5]}
[2026-04-20 21:43:18,153] 103 NetworkSecurity INFO - Gradient Boosting Classifier: train_f1=0.9860, val_f1=0.9778, params={'learning_rate': 0.1, 'max_depth': 5, 'n_estimators': 200, 'subsample': 0.8}
[2026-04-20 21:43:18,269] 88 NetworkSecurity INFO - Fitting Random Forest Classifier with grid {'n_estimators': [100, 200, 400], 'max_depth': [None, 16, 32], 'min_samples_leaf': [1, 2, 5], 'class_weight': [None, 'balanced']}
[2026-04-20 21:43:39,145] 103 NetworkSecurity INFO - Random Forest Classifier: train_f1=0.9924, val_f1=0.9779, params={'class_weight': None, 'max_depth': None, 'min_samples_leaf': 1, 'n_estimators': 200}
[2026-04-20 21:43:39,258] 130 NetworkSecurity INFO - Best model on validation: Random Forest Classifier (val_f1=0.9779)
[2026-04-20 21:43:39,433] 41 NetworkSecurity INFO - Saving object to file: artifacts\2026-04-20-21-42-45\model_trainer\trained_model\model.pkl
[2026-04-20 21:43:39,531] 46 NetworkSecurity INFO - Object saved successfully to file: artifacts\2026-04-20-21-42-45\model_trainer\trained_model\model.pkl
[2026-04-20 21:43:46,838] 163 NetworkSecurity INFO - Model trainer artifact: ModelTrainerArtifact(trained_model_file_path='artifacts\\2026-04-20-21-42-45\\model_trainer\\trained_model\\model.pkl', train_metric_artifact=ClassificationMetricArtifact(f1_score=0.992422328870927, precision_score=0.9899218946837994, recall_score=0.9949354266903013), test_metric_artifact=ClassificationMetricArtifact(f1_score=0.9779411764705882, precision_score=0.9755501222493888, recall_score=0.9803439803439803))
[2026-04-20 21:43:46,850] 53 NetworkSecurity INFO - Model training completed: ModelTrainerArtifact(trained_model_file_path='artifacts\\2026-04-20-21-42-45\\model_trainer\\trained_model\\model.pkl', train_metric_artifact=ClassificationMetricArtifact(f1_score=0.992422328870927, precision_score=0.9899218946837994, recall_score=0.9949354266903013), test_metric_artifact=ClassificationMetricArtifact(f1_score=0.9779411764705882, precision_score=0.9755501222493888, recall_score=0.9803439803439803))
