[2026-04-20 18:28:53,878] 74 NetworkSecurity INFO - Performed train test split with test size 0.2
[2026-04-20 18:28:53,878] 75 NetworkSecurity INFO - Saving train and test split in the data ingestion directory
[2026-04-20 18:28:53,879] 80 NetworkSecurity INFO - Saving training data to artifacts\2026-04-20-18-28-48\data_ingestion\ingested\train.csv
[2026-04-20 18:28:53,929] 83 NetworkSecurity INFO - Saving test data to artifacts\2026-04-20-18-28-48\data_ingestion\ingested\test.csv
[2026-04-20 18:28:53,943] 17 NetworkSecurity INFO - Data ingestion initiated.
[2026-04-20 18:28:59,768] 74 NetworkSecurity INFO - Performed train test split with test size 0.2
[2026-04-20 18:28:59,768] 75 NetworkSecurity INFO - Saving train and test split in the data ingestion directory
[2026-04-20 18:28:59,769] 80 NetworkSecurity INFO - Saving training data to artifacts\2026-04-20-18-28-48\data_ingestion\ingested\train.csv
[2026-04-20 18:28:59,827] 83 NetworkSecurity INFO - Saving test data to artifacts\2026-04-20-18-28-48\data_ingestion\ingested\test.csv
[2026-04-20 18:28:59,842] 19 NetworkSecurity INFO - Data initiation completed and artifact: DataIngestionArtifact(train_file_path='artifacts\\2026-04-20-18-28-48\\data_ingestion\\ingested\\train.csv', test_file_path='artifacts\\2026-04-20-18-28-48\\data_ingestion\\ingested\\test.csv') created.
[2026-04-20 18:28:59,848] 22 NetworkSecurity INFO - Data validation initiated.
[2026-04-20 18:28:59,918] 37 NetworkSecurity INFO - Required number of columns: 31
[2026-04-20 18:28:59,918] 38 NetworkSecurity INFO - Dataframe has columns: Index(['having_IP_Address', 'URL_Length', 'Shortining_Service',
       'having_At_Symbol', 'double_slash_redirecting', 'Prefix_Suffix',
       'having_Sub_Domain', 'SSLfinal_State', 'Domain_registeration_length',
       'Favicon', 'port', 'HTTPS_token', 'Request_URL', 'URL_of_Anchor',
       'Links_in_tags', 'SFH', 'Submitting_to_email', 'Abnormal_URL',
       'Redirect', 'on_mouseover', 'RightClick', 'popUpWidnow', 'Iframe',
       'age_of_domain', 'DNSRecord', 'web_traffic', 'Page_Rank',
       'Google_Index', 'Links_pointing_to_page', 'Statistical_report',
       'Result'],
      dtype='object')
[2026-04-20 18:28:59,918] 37 NetworkSecurity INFO - Required number of columns: 31
[2026-04-20 18:28:59,918] 38 NetworkSecurity INFO - Dataframe has columns: Index(['having_IP_Address', 'URL_Length', 'Shortining_Service',
       'having_At_Symbol', 'double_slash_redirecting', 'Prefix_Suffix',
       'having_Sub_Domain', 'SSLfinal_State', 'Domain_registeration_length',
       'Favicon', 'port', 'HTTPS_token', 'Request_URL', 'URL_of_Anchor',
       'Links_in_tags', 'SFH', 'Submitting_to_email', 'Abnormal_URL',
       'Redirect', 'on_mouseover', 'RightClick', 'popUpWidnow', 'Iframe',
       'age_of_domain', 'DNSRecord', 'web_traffic', 'Page_Rank',
       'Google_Index', 'Links_pointing_to_page', 'Statistical_report',
       'Result'],
      dtype='object')
[2026-04-20 18:29:00,088] 24 NetworkSecurity INFO - Data validation completed and artifact: DataValidationArtifact(validation_status=True, valid_train_file_path='artifacts\\2026-04-20-18-28-48\\data_validation\\validated\\train.csv', valid_test_file_path='artifacts\\2026-04-20-18-28-48\\data_validation\\validated\\test.csv', invalid_train_file_path=None, invalid_test_file_path=None, drift_report_file_path='artifacts\\2026-04-20-18-28-48\\data_validation\\data_drift_report\\data_drift_report.yaml') created.
[2026-04-20 18:29:00,088] 25 NetworkSecurity INFO - Data transformation initiated.
