[2026-04-19 22:34:14,937] 74 NetworkSecurity INFO - Performed train test split with test size 0.2
[2026-04-19 22:34:14,937] 75 NetworkSecurity INFO - Saving train and test split in the data ingestion directory
[2026-04-19 22:34:14,939] 80 NetworkSecurity INFO - Saving training data to artifacts\2026-04-19-22-34-08\data_ingestion\ingested\train.csv
[2026-04-19 22:34:14,989] 83 NetworkSecurity INFO - Saving test data to artifacts\2026-04-19-22-34-08\data_ingestion\ingested\test.csv
[2026-04-19 22:34:15,004] 16 NetworkSecurity INFO - Data ingestion initiated.
[2026-04-19 22:34:21,116] 74 NetworkSecurity INFO - Performed train test split with test size 0.2
[2026-04-19 22:34:21,116] 75 NetworkSecurity INFO - Saving train and test split in the data ingestion directory
[2026-04-19 22:34:21,116] 80 NetworkSecurity INFO - Saving training data to artifacts\2026-04-19-22-34-08\data_ingestion\ingested\train.csv
[2026-04-19 22:34:21,163] 83 NetworkSecurity INFO - Saving test data to artifacts\2026-04-19-22-34-08\data_ingestion\ingested\test.csv
[2026-04-19 22:34:21,179] 18 NetworkSecurity INFO - Data initiation completed and artifact: DataIngestionArtifact(train_file_path='artifacts\\2026-04-19-22-34-08\\data_ingestion\\ingested\\train.csv', test_file_path='artifacts\\2026-04-19-22-34-08\\data_ingestion\\ingested\\test.csv') created.
[2026-04-19 22:34:21,182] 21 NetworkSecurity INFO - Data validation initiated.
[2026-04-19 22:34:21,229] 37 NetworkSecurity INFO - Required number of columns: 2
[2026-04-19 22:34:21,229] 38 NetworkSecurity INFO - Dataframe has columns: Index(['having_IP_Address', 'URL_Length', 'Shortining_Service',
       'having_At_Symbol', 'double_slash_redirecting', 'Prefix_Suffix',
       'having_Sub_Domain', 'SSLfinal_State', 'Domain_registeration_length',
       'Favicon', 'port', 'HTTPS_token', 'Request_URL', 'URL_of_Anchor',
       'Links_in_tags', 'SFH', 'Submitting_to_email', 'Abnormal_URL',
       'Redirect', 'on_mouseover', 'RightClick', 'popUpWidnow', 'Iframe',
       'age_of_domain', 'DNSRecord', 'web_traffic', 'Page_Rank',
       'Google_Index', 'Links_pointing_to_page', 'Statistical_report',
       'Result'],
      dtype='object')
[2026-04-19 22:34:21,229] 37 NetworkSecurity INFO - Required number of columns: 2
[2026-04-19 22:34:21,229] 38 NetworkSecurity INFO - Dataframe has columns: Index(['having_IP_Address', 'URL_Length', 'Shortining_Service',
       'having_At_Symbol', 'double_slash_redirecting', 'Prefix_Suffix',
       'having_Sub_Domain', 'SSLfinal_State', 'Domain_registeration_length',
       'Favicon', 'port', 'HTTPS_token', 'Request_URL', 'URL_of_Anchor',
       'Links_in_tags', 'SFH', 'Submitting_to_email', 'Abnormal_URL',
       'Redirect', 'on_mouseover', 'RightClick', 'popUpWidnow', 'Iframe',
       'age_of_domain', 'DNSRecord', 'web_traffic', 'Page_Rank',
       'Google_Index', 'Links_pointing_to_page', 'Statistical_report',
       'Result'],
      dtype='object')
[2026-04-19 22:34:21,229] 87 NetworkSecurity ERROR - Data validation failed. Number of columns in the testing data is not as per the schema. Expected: 2, Got: 31
