[2026-04-19 22:35:39,749] 74 NetworkSecurity INFO - Performed train test split with test size 0.2
[2026-04-19 22:35:39,749] 75 NetworkSecurity INFO - Saving train and test split in the data ingestion directory
[2026-04-19 22:35:39,750] 80 NetworkSecurity INFO - Saving training data to artifacts\2026-04-19-22-35-34\data_ingestion\ingested\train.csv
[2026-04-19 22:35:39,800] 83 NetworkSecurity INFO - Saving test data to artifacts\2026-04-19-22-35-34\data_ingestion\ingested\test.csv
[2026-04-19 22:35:39,813] 16 NetworkSecurity INFO - Data ingestion initiated.
[2026-04-19 22:35:45,565] 74 NetworkSecurity INFO - Performed train test split with test size 0.2
[2026-04-19 22:35:45,565] 75 NetworkSecurity INFO - Saving train and test split in the data ingestion directory
[2026-04-19 22:35:45,566] 80 NetworkSecurity INFO - Saving training data to artifacts\2026-04-19-22-35-34\data_ingestion\ingested\train.csv
[2026-04-19 22:35:45,620] 83 NetworkSecurity INFO - Saving test data to artifacts\2026-04-19-22-35-34\data_ingestion\ingested\test.csv
[2026-04-19 22:35:45,635] 18 NetworkSecurity INFO - Data initiation completed and artifact: DataIngestionArtifact(train_file_path='artifacts\\2026-04-19-22-35-34\\data_ingestion\\ingested\\train.csv', test_file_path='artifacts\\2026-04-19-22-35-34\\data_ingestion\\ingested\\test.csv') created.
[2026-04-19 22:35:45,640] 21 NetworkSecurity INFO - Data validation initiated.
[2026-04-19 22:35:45,686] 37 NetworkSecurity INFO - Required number of columns: 31
[2026-04-19 22:35:45,686] 38 NetworkSecurity INFO - Dataframe has columns: Index(['having_IP_Address', 'URL_Length', 'Shortining_Service',
       'having_At_Symbol', 'double_slash_redirecting', 'Prefix_Suffix',
       'having_Sub_Domain', 'SSLfinal_State', 'Domain_registeration_length',
       'Favicon', 'port', 'HTTPS_token', 'Request_URL', 'URL_of_Anchor',
       'Links_in_tags', 'SFH', 'Submitting_to_email', 'Abnormal_URL',
       'Redirect', 'on_mouseover', 'RightClick', 'popUpWidnow', 'Iframe',
       'age_of_domain', 'DNSRecord', 'web_traffic', 'Page_Rank',
       'Google_Index', 'Links_pointing_to_page', 'Statistical_report',
       'Result'],
      dtype='object')
[2026-04-19 22:35:45,686] 37 NetworkSecurity INFO - Required number of columns: 31
[2026-04-19 22:35:45,688] 38 NetworkSecurity INFO - Dataframe has columns: Index(['having_IP_Address', 'URL_Length', 'Shortining_Service',
       'having_At_Symbol', 'double_slash_redirecting', 'Prefix_Suffix',
       'having_Sub_Domain', 'SSLfinal_State', 'Domain_registeration_length',
       'Favicon', 'port', 'HTTPS_token', 'Request_URL', 'URL_of_Anchor',
       'Links_in_tags', 'SFH', 'Submitting_to_email', 'Abnormal_URL',
       'Redirect', 'on_mouseover', 'RightClick', 'popUpWidnow', 'Iframe',
       'age_of_domain', 'DNSRecord', 'web_traffic', 'Page_Rank',
       'Google_Index', 'Links_pointing_to_page', 'Statistical_report',
       'Result'],
      dtype='object')
[2026-04-19 22:35:45,846] 23 NetworkSecurity INFO - Data validation completed and artifact: DataValidationArtifact(validation_status=True, valid_train_file_path='artifacts\\2026-04-19-22-35-34\\data_validation\\validated\\train.csv', valid_test_file_path='artifacts\\2026-04-19-22-35-34\\data_validation\\validated\\test.csv', invalid_train_file_path=None, invalid_test_file_path=None, drift_report_file_path='artifacts\\2026-04-19-22-35-34\\data_validation\\data_drift_report\\data_drift_report.yaml') created.
